[0.012s] Invoking command in '/home/elisey/ros2_ws/build/simple_robot_description': /usr/bin/cmake /home/elisey/ros2_ws/src/simple_robot_description -DAMENT_CMAKE_SYMLINK_INSTALL=1 -DCMAKE_INSTALL_PREFIX=/home/elisey/ros2_ws/install/simple_robot_description
[0.025s] -- Found ament_cmake: 1.1.6 (/opt/ros/galactic/share/ament_cmake/cmake)
[0.046s] -- Using PYTHON_EXECUTABLE: /usr/bin/python3
[0.097s] -- Override CMake install command with custom implementation using symlinks instead of copying resources
[0.110s] -- Found xacro: 2.0.7 (/opt/ros/galactic/share/xacro/cmake)
[0.111s] -- Found rclpy: 1.9.3 (/opt/ros/galactic/share/rclpy/cmake)
[0.111s] -- Found geometry_msgs: 2.2.4 (/opt/ros/galactic/share/geometry_msgs/cmake)
[0.129s] -- Using all available rosidl_typesupport_c: rosidl_typesupport_fastrtps_c;rosidl_typesupport_introspection_c
[0.132s] -- Found rosidl_adapter: 2.2.3 (/opt/ros/galactic/share/rosidl_adapter/cmake)
[0.246s] -- Using all available rosidl_typesupport_cpp: rosidl_typesupport_fastrtps_cpp;rosidl_typesupport_introspection_cpp
[0.384s] -- Configuring done
[0.387s] -- Generating done
[0.389s] -- Build files have been written to: /home/elisey/ros2_ws/build/simple_robot_description
[0.395s] Invoked command in '/home/elisey/ros2_ws/build/simple_robot_description' returned '0': /usr/bin/cmake /home/elisey/ros2_ws/src/simple_robot_description -DAMENT_CMAKE_SYMLINK_INSTALL=1 -DCMAKE_INSTALL_PREFIX=/home/elisey/ros2_ws/install/simple_robot_description
[0.398s] Invoking command in '/home/elisey/ros2_ws/build/simple_robot_description': /usr/bin/cmake --build /home/elisey/ros2_ws/build/simple_robot_description -- -j12 -l12
[0.451s] Invoked command in '/home/elisey/ros2_ws/build/simple_robot_description' returned '0': /usr/bin/cmake --build /home/elisey/ros2_ws/build/simple_robot_description -- -j12 -l12
[0.467s] Invoking command in '/home/elisey/ros2_ws/build/simple_robot_description': /usr/bin/cmake --install /home/elisey/ros2_ws/build/simple_robot_description
[0.473s] -- Install configuration: ""
[0.473s] -- Execute custom install script
[0.474s] -- Symlinking: /home/elisey/ros2_ws/install/simple_robot_description/share/simple_robot_description/urdf/simple_robot.xacro
[0.490s] CMake Warning (dev) at ament_cmake_symlink_install/ament_cmake_symlink_install.cmake:62 (file):
[0.490s]   Policy CMP0009 is not set: FILE GLOB_RECURSE calls should not follow
[0.490s]   symlinks by default.  Run "cmake --help-policy CMP0009" for policy details.
[0.490s]   Use the cmake_policy command to set the policy and suppress this warning.
[0.490s] Call Stack (most recent call first):
[0.490s]   ament_cmake_symlink_install/ament_cmake_symlink_install.cmake:317 (ament_cmake_symlink_install_directory)
[0.490s]   cmake_install.cmake:41 (include)
[0.491s] This warning is for project developers.  Use -Wno-dev to suppress it.
[0.491s] 
[0.491s] -- Symlinking: /home/elisey/ros2_ws/install/simple_robot_description/share/simple_robot_description/launch/build/.built_by
[0.503s] -- Symlinking: /home/elisey/ros2_ws/install/simple_robot_description/share/simple_robot_description/launch/build/COLCON_IGNORE
[0.511s] -- Symlinking: /home/elisey/ros2_ws/install/simple_robot_description/share/simple_robot_description/launch/gazebo.launch.py
[0.518s] -- Symlinking: /home/elisey/ros2_ws/install/simple_robot_description/share/simple_robot_description/launch/install/.colcon_install_layout
[0.526s] -- Symlinking: /home/elisey/ros2_ws/install/simple_robot_description/share/simple_robot_description/launch/install/COLCON_IGNORE
[0.539s] -- Symlinking: /home/elisey/ros2_ws/install/simple_robot_description/share/simple_robot_description/launch/install/_local_setup_util_ps1.py
[0.549s] Invoked command in '/home/elisey/ros2_ws/build/simple_robot_description' returned '-2': /usr/bin/cmake --install /home/elisey/ros2_ws/build/simple_robot_description
