[0.011s] Invoking command in '/home/elisey/ros2_ws/build/simple_robot_description': CMAKE_PREFIX_PATH=/home/elisey/ros2_ws/install/simple_robot_description:/opt/ros/galactic /usr/bin/cmake /home/elisey/ros2_ws/src/simple_robot_description -DCMAKE_INSTALL_PREFIX=/home/elisey/ros2_ws/install/simple_robot_description
[0.064s] -- The C compiler identification is GNU 9.4.0
[0.111s] -- The CXX compiler identification is GNU 9.4.0
[0.116s] -- Check for working C compiler: /usr/bin/cc
[0.182s] -- Check for working C compiler: /usr/bin/cc -- works
[0.183s] -- Detecting C compiler ABI info
[0.258s] -- Detecting C compiler ABI info - done
[0.268s] -- Detecting C compile features
[0.269s] -- Detecting C compile features - done
[0.270s] -- Check for working CXX compiler: /usr/bin/c++
[0.365s] -- Check for working CXX compiler: /usr/bin/c++ -- works
[0.367s] -- Detecting CXX compiler ABI info
[0.455s] -- Detecting CXX compiler ABI info - done
[0.467s] -- Detecting CXX compile features
[0.467s] -- Detecting CXX compile features - done
[0.469s] -- Found ament_cmake: 1.1.6 (/opt/ros/galactic/share/ament_cmake/cmake)
[0.496s] -- Found PythonInterp: /usr/bin/python3 (found suitable version "3.8.10", minimum required is "3") 
[0.496s] -- Using PYTHON_EXECUTABLE: /usr/bin/python3
[0.562s] -- Found xacro: 2.0.7 (/opt/ros/galactic/share/xacro/cmake)
[0.563s] -- Found rclpy: 1.9.3 (/opt/ros/galactic/share/rclpy/cmake)
[0.565s] -- Found geometry_msgs: 2.2.4 (/opt/ros/galactic/share/geometry_msgs/cmake)
[0.589s] -- Using all available rosidl_typesupport_c: rosidl_typesupport_fastrtps_c;rosidl_typesupport_introspection_c
[0.595s] -- Found rosidl_adapter: 2.2.3 (/opt/ros/galactic/share/rosidl_adapter/cmake)
[0.680s] -- Found OpenSSL: /usr/lib/x86_64-linux-gnu/libcrypto.so (found version "1.1.1f")  
[0.708s] -- Found FastRTPS: /opt/ros/galactic/include  
[0.775s] -- Using all available rosidl_typesupport_cpp: rosidl_typesupport_fastrtps_cpp;rosidl_typesupport_introspection_cpp
[0.898s] -- Configuring done
[0.900s] -- Generating done
[0.901s] -- Build files have been written to: /home/elisey/ros2_ws/build/simple_robot_description
[0.907s] Invoked command in '/home/elisey/ros2_ws/build/simple_robot_description' returned '0': CMAKE_PREFIX_PATH=/home/elisey/ros2_ws/install/simple_robot_description:/opt/ros/galactic /usr/bin/cmake /home/elisey/ros2_ws/src/simple_robot_description -DCMAKE_INSTALL_PREFIX=/home/elisey/ros2_ws/install/simple_robot_description
[0.912s] Invoking command in '/home/elisey/ros2_ws/build/simple_robot_description': CMAKE_PREFIX_PATH=/home/elisey/ros2_ws/install/simple_robot_description:/opt/ros/galactic /usr/bin/cmake --build /home/elisey/ros2_ws/build/simple_robot_description -- -j12 -l12
[0.960s] Invoked command in '/home/elisey/ros2_ws/build/simple_robot_description' returned '0': CMAKE_PREFIX_PATH=/home/elisey/ros2_ws/install/simple_robot_description:/opt/ros/galactic /usr/bin/cmake --build /home/elisey/ros2_ws/build/simple_robot_description -- -j12 -l12
[0.983s] Invoking command in '/home/elisey/ros2_ws/build/simple_robot_description': CMAKE_PREFIX_PATH=/home/elisey/ros2_ws/install/simple_robot_description:/opt/ros/galactic /usr/bin/cmake --install /home/elisey/ros2_ws/build/simple_robot_description
[0.989s] -- Install configuration: ""
[0.989s] -- Installing: /home/elisey/ros2_ws/install/simple_robot_description/share/simple_robot_description/urdf
[0.989s] -- Installing: /home/elisey/ros2_ws/install/simple_robot_description/share/simple_robot_description/urdf/simple_robot.xacro
[0.990s] -- Installing: /home/elisey/ros2_ws/install/simple_robot_description/share/simple_robot_description/launch
[0.990s] -- Installing: /home/elisey/ros2_ws/install/simple_robot_description/share/simple_robot_description/launch/l_shape_drive.launch.py
[0.990s] -- Installing: /home/elisey/ros2_ws/install/simple_robot_description/share/simple_robot_description/launch/gazebo.launch.py
[0.990s] -- Installing: /home/elisey/ros2_ws/install/simple_robot_description/share/simple_robot_description/launch/install
[0.990s] -- Installing: /home/elisey/ros2_ws/install/simple_robot_description/share/simple_robot_description/launch/install/.colcon_install_layout
[0.990s] -- Installing: /home/elisey/ros2_ws/install/simple_robot_description/share/simple_robot_description/launch/install/setup.ps1
[0.990s] -- Installing: /home/elisey/ros2_ws/install/simple_robot_description/share/simple_robot_description/launch/install/_local_setup_util_sh.py
[0.990s] -- Installing: /home/elisey/ros2_ws/install/simple_robot_description/share/simple_robot_description/launch/install/COLCON_IGNORE
[0.990s] -- Installing: /home/elisey/ros2_ws/install/simple_robot_description/share/simple_robot_description/launch/install/local_setup.bash
[0.990s] -- Installing: /home/elisey/ros2_ws/install/simple_robot_description/share/simple_robot_description/launch/install/setup.zsh
[0.990s] -- Installing: /home/elisey/ros2_ws/install/simple_robot_description/share/simple_robot_description/launch/install/_local_setup_util_ps1.py
[0.990s] -- Installing: /home/elisey/ros2_ws/install/simple_robot_description/share/simple_robot_description/launch/install/setup.bash
[0.990s] -- Installing: /home/elisey/ros2_ws/install/simple_robot_description/share/simple_robot_description/launch/install/local_setup.ps1
[0.991s] -- Installing: /home/elisey/ros2_ws/install/simple_robot_description/share/simple_robot_description/launch/install/setup.sh
[0.991s] -- Installing: /home/elisey/ros2_ws/install/simple_robot_description/share/simple_robot_description/launch/install/local_setup.zsh
[0.991s] -- Installing: /home/elisey/ros2_ws/install/simple_robot_description/share/simple_robot_description/launch/install/local_setup.sh
[0.991s] -- Installing: /home/elisey/ros2_ws/install/simple_robot_description/share/simple_robot_description/launch/build
[0.991s] -- Installing: /home/elisey/ros2_ws/install/simple_robot_description/share/simple_robot_description/launch/build/COLCON_IGNORE
[0.991s] -- Installing: /home/elisey/ros2_ws/install/simple_robot_description/share/simple_robot_description/launch/build/.built_by
[0.991s] -- Installing: /home/elisey/ros2_ws/install/simple_robot_description/share/simple_robot_description/launch/log
[0.991s] -- Installing: /home/elisey/ros2_ws/install/simple_robot_description/share/simple_robot_description/launch/log/latest_build
[0.991s] -- Installing: /home/elisey/ros2_ws/install/simple_robot_description/share/simple_robot_description/launch/log/COLCON_IGNORE
[0.991s] -- Installing: /home/elisey/ros2_ws/install/simple_robot_description/share/simple_robot_description/launch/log/latest
[0.991s] -- Installing: /home/elisey/ros2_ws/install/simple_robot_description/share/simple_robot_description/launch/log/build_2025-04-27_22-30-42
[0.991s] -- Installing: /home/elisey/ros2_ws/install/simple_robot_description/share/simple_robot_description/launch/log/build_2025-04-27_22-30-42/logger_all.log
[0.991s] -- Installing: /home/elisey/ros2_ws/install/simple_robot_description/share/simple_robot_description/launch/log/build_2025-04-27_22-30-42/events.log
[0.992s] -- Installing: /home/elisey/ros2_ws/install/simple_robot_description/lib/simple_robot_description/l_shape_driver.py
[0.992s] -- Installing: /home/elisey/ros2_ws/install/simple_robot_description/share/simple_robot_description/worlds
[0.992s] -- Installing: /home/elisey/ros2_ws/install/simple_robot_description/share/simple_robot_description/worlds/room_with_obstacles.world
[0.992s] -- Installing: /home/elisey/ros2_ws/install/simple_robot_description/share/ament_index/resource_index/package_run_dependencies/simple_robot_description
[0.992s] -- Installing: /home/elisey/ros2_ws/install/simple_robot_description/share/ament_index/resource_index/parent_prefix_path/simple_robot_description
[0.992s] -- Installing: /home/elisey/ros2_ws/install/simple_robot_description/share/simple_robot_description/environment/ament_prefix_path.sh
[0.992s] -- Installing: /home/elisey/ros2_ws/install/simple_robot_description/share/simple_robot_description/environment/ament_prefix_path.dsv
[0.993s] -- Installing: /home/elisey/ros2_ws/install/simple_robot_description/share/simple_robot_description/environment/path.sh
[0.993s] -- Installing: /home/elisey/ros2_ws/install/simple_robot_description/share/simple_robot_description/environment/path.dsv
[0.993s] -- Installing: /home/elisey/ros2_ws/install/simple_robot_description/share/simple_robot_description/local_setup.bash
[0.993s] -- Installing: /home/elisey/ros2_ws/install/simple_robot_description/share/simple_robot_description/local_setup.sh
[0.993s] -- Installing: /home/elisey/ros2_ws/install/simple_robot_description/share/simple_robot_description/local_setup.zsh
[0.993s] -- Installing: /home/elisey/ros2_ws/install/simple_robot_description/share/simple_robot_description/local_setup.dsv
[0.993s] -- Installing: /home/elisey/ros2_ws/install/simple_robot_description/share/simple_robot_description/package.dsv
[0.994s] -- Installing: /home/elisey/ros2_ws/install/simple_robot_description/share/ament_index/resource_index/packages/simple_robot_description
[0.994s] -- Installing: /home/elisey/ros2_ws/install/simple_robot_description/share/simple_robot_description/cmake/simple_robot_descriptionConfig.cmake
[0.994s] -- Installing: /home/elisey/ros2_ws/install/simple_robot_description/share/simple_robot_description/cmake/simple_robot_descriptionConfig-version.cmake
[0.994s] -- Installing: /home/elisey/ros2_ws/install/simple_robot_description/share/simple_robot_description/package.xml
[0.996s] Invoked command in '/home/elisey/ros2_ws/build/simple_robot_description' returned '0': CMAKE_PREFIX_PATH=/home/elisey/ros2_ws/install/simple_robot_description:/opt/ros/galactic /usr/bin/cmake --install /home/elisey/ros2_ws/build/simple_robot_description
