[0.011s] Invoking command in '/home/elisey/ros2_ws/build/simple_robot_description': /usr/bin/cmake /home/elisey/ros2_ws/src/simple_robot_description -DCMAKE_INSTALL_PREFIX=/home/elisey/ros2_ws/install/simple_robot_description
[0.026s] -- Found ament_cmake: 1.1.6 (/opt/ros/galactic/share/ament_cmake/cmake)
[0.049s] -- Using PYTHON_EXECUTABLE: /usr/bin/python3
[0.097s] -- Override CMake install command with custom implementation using symlinks instead of copying resources
[0.110s] -- Found xacro: 2.0.7 (/opt/ros/galactic/share/xacro/cmake)
[0.110s] -- Found rclpy: 1.9.3 (/opt/ros/galactic/share/rclpy/cmake)
[0.110s] -- Found geometry_msgs: 2.2.4 (/opt/ros/galactic/share/geometry_msgs/cmake)
[0.127s] -- Using all available rosidl_typesupport_c: rosidl_typesupport_fastrtps_c;rosidl_typesupport_introspection_c
[0.130s] -- Found rosidl_adapter: 2.2.3 (/opt/ros/galactic/share/rosidl_adapter/cmake)
[0.244s] -- Using all available rosidl_typesupport_cpp: rosidl_typesupport_fastrtps_cpp;rosidl_typesupport_introspection_cpp
[0.370s] -- Configuring done
[0.373s] -- Generating done
[0.374s] -- Build files have been written to: /home/elisey/ros2_ws/build/simple_robot_description
[0.380s] Invoked command in '/home/elisey/ros2_ws/build/simple_robot_description' returned '0': /usr/bin/cmake /home/elisey/ros2_ws/src/simple_robot_description -DCMAKE_INSTALL_PREFIX=/home/elisey/ros2_ws/install/simple_robot_description
[0.383s] Invoking command in '/home/elisey/ros2_ws/build/simple_robot_description': /usr/bin/cmake --build /home/elisey/ros2_ws/build/simple_robot_description -- -j12 -l12
[0.438s] Invoked command in '/home/elisey/ros2_ws/build/simple_robot_description' returned '0': /usr/bin/cmake --build /home/elisey/ros2_ws/build/simple_robot_description -- -j12 -l12
[0.456s] Invoking command in '/home/elisey/ros2_ws/build/simple_robot_description': /usr/bin/cmake --install /home/elisey/ros2_ws/build/simple_robot_description
[0.463s] -- Install configuration: ""
[0.463s] -- Execute custom install script
[0.463s] -- Up-to-date symlink: /home/elisey/ros2_ws/install/simple_robot_description/share/simple_robot_description/urdf/simple_robot.xacro
[0.464s] CMake Warning (dev) at ament_cmake_symlink_install/ament_cmake_symlink_install.cmake:62 (file):
[0.464s]   Policy CMP0009 is not set: FILE GLOB_RECURSE calls should not follow
[0.464s]   symlinks by default.  Run "cmake --help-policy CMP0009" for policy details.
[0.464s]   Use the cmake_policy command to set the policy and suppress this warning.
[0.464s] Call Stack (most recent call first):
[0.465s]   ament_cmake_symlink_install/ament_cmake_symlink_install.cmake:317 (ament_cmake_symlink_install_directory)
[0.465s]   cmake_install.cmake:41 (include)
[0.465s] This warning is for project developers.  Use -Wno-dev to suppress it.
[0.465s] 
[0.465s] -- Up-to-date symlink: /home/elisey/ros2_ws/install/simple_robot_description/share/simple_robot_description/launch/build/.built_by
[0.465s] -- Up-to-date symlink: /home/elisey/ros2_ws/install/simple_robot_description/share/simple_robot_description/launch/build/COLCON_IGNORE
[0.465s] -- Up-to-date symlink: /home/elisey/ros2_ws/install/simple_robot_description/share/simple_robot_description/launch/gazebo.launch.py
[0.465s] -- Up-to-date symlink: /home/elisey/ros2_ws/install/simple_robot_description/share/simple_robot_description/launch/install/.colcon_install_layout
[0.465s] -- Up-to-date symlink: /home/elisey/ros2_ws/install/simple_robot_description/share/simple_robot_description/launch/install/COLCON_IGNORE
[0.465s] -- Symlinking: /home/elisey/ros2_ws/install/simple_robot_description/share/simple_robot_description/launch/install/_local_setup_util_ps1.py
[0.478s] -- Symlinking: /home/elisey/ros2_ws/install/simple_robot_description/share/simple_robot_description/launch/install/_local_setup_util_sh.py
[0.486s] -- Symlinking: /home/elisey/ros2_ws/install/simple_robot_description/share/simple_robot_description/launch/install/local_setup.bash
[0.493s] -- Symlinking: /home/elisey/ros2_ws/install/simple_robot_description/share/simple_robot_description/launch/install/local_setup.ps1
[0.500s] -- Symlinking: /home/elisey/ros2_ws/install/simple_robot_description/share/simple_robot_description/launch/install/local_setup.sh
[0.508s] -- Symlinking: /home/elisey/ros2_ws/install/simple_robot_description/share/simple_robot_description/launch/install/local_setup.zsh
[0.516s] -- Symlinking: /home/elisey/ros2_ws/install/simple_robot_description/share/simple_robot_description/launch/install/setup.bash
[0.523s] -- Symlinking: /home/elisey/ros2_ws/install/simple_robot_description/share/simple_robot_description/launch/install/setup.ps1
[0.537s] -- Symlinking: /home/elisey/ros2_ws/install/simple_robot_description/share/simple_robot_description/launch/install/setup.sh
[0.544s] -- Symlinking: /home/elisey/ros2_ws/install/simple_robot_description/share/simple_robot_description/launch/install/setup.zsh
[0.552s] -- Symlinking: /home/elisey/ros2_ws/install/simple_robot_description/share/simple_robot_description/launch/l_shape_drive.launch.py
[0.559s] -- Symlinking: /home/elisey/ros2_ws/install/simple_robot_description/share/simple_robot_description/launch/log/COLCON_IGNORE
[0.567s] -- Symlinking: /home/elisey/ros2_ws/install/simple_robot_description/share/simple_robot_description/launch/log/build_2025-04-27_22-30-42/events.log
[0.582s] -- Symlinking: /home/elisey/ros2_ws/install/simple_robot_description/share/simple_robot_description/launch/log/build_2025-04-27_22-30-42/logger_all.log
[0.595s] -- Up-to-date symlink: /home/elisey/ros2_ws/install/simple_robot_description/share/simple_robot_description/launch/log/latest/events.log
[0.596s] -- Up-to-date symlink: /home/elisey/ros2_ws/install/simple_robot_description/share/simple_robot_description/launch/log/latest/logger_all.log
[0.596s] -- Up-to-date symlink: /home/elisey/ros2_ws/install/simple_robot_description/share/simple_robot_description/launch/log/latest_build/events.log
[0.596s] -- Up-to-date symlink: /home/elisey/ros2_ws/install/simple_robot_description/share/simple_robot_description/launch/log/latest_build/logger_all.log
[0.597s] -- Symlinking: /home/elisey/ros2_ws/install/simple_robot_description/lib/simple_robot_description/l_shape_driver.py
[0.605s] -- Symlinking: /home/elisey/ros2_ws/install/simple_robot_description/share/simple_robot_description/worlds/room_with_obstacles.world
[0.613s] -- Symlinking: /home/elisey/ros2_ws/install/simple_robot_description/share/ament_index/resource_index/package_run_dependencies/simple_robot_description
[0.622s] -- Symlinking: /home/elisey/ros2_ws/install/simple_robot_description/share/ament_index/resource_index/parent_prefix_path/simple_robot_description
[0.637s] -- Symlinking: /home/elisey/ros2_ws/install/simple_robot_description/share/simple_robot_description/environment/ament_prefix_path.sh
[0.645s] -- Symlinking: /home/elisey/ros2_ws/install/simple_robot_description/share/simple_robot_description/environment/ament_prefix_path.dsv
[0.659s] -- Symlinking: /home/elisey/ros2_ws/install/simple_robot_description/share/simple_robot_description/environment/path.sh
[0.671s] -- Symlinking: /home/elisey/ros2_ws/install/simple_robot_description/share/simple_robot_description/environment/path.dsv
[0.687s] -- Symlinking: /home/elisey/ros2_ws/install/simple_robot_description/share/simple_robot_description/local_setup.bash
[0.699s] -- Symlinking: /home/elisey/ros2_ws/install/simple_robot_description/share/simple_robot_description/local_setup.sh
[0.706s] -- Symlinking: /home/elisey/ros2_ws/install/simple_robot_description/share/simple_robot_description/local_setup.zsh
[0.714s] -- Symlinking: /home/elisey/ros2_ws/install/simple_robot_description/share/simple_robot_description/local_setup.dsv
[0.733s] -- Symlinking: /home/elisey/ros2_ws/install/simple_robot_description/share/simple_robot_description/package.dsv
[0.746s] -- Symlinking: /home/elisey/ros2_ws/install/simple_robot_description/share/ament_index/resource_index/packages/simple_robot_description
[0.757s] -- Symlinking: /home/elisey/ros2_ws/install/simple_robot_description/share/simple_robot_description/cmake/simple_robot_descriptionConfig.cmake
[0.773s] -- Symlinking: /home/elisey/ros2_ws/install/simple_robot_description/share/simple_robot_description/cmake/simple_robot_descriptionConfig-version.cmake
[0.781s] -- Symlinking: /home/elisey/ros2_ws/install/simple_robot_description/share/simple_robot_description/package.xml
[0.791s] Invoked command in '/home/elisey/ros2_ws/build/simple_robot_description' returned '0': /usr/bin/cmake --install /home/elisey/ros2_ws/build/simple_robot_description
