-- Install configuration: ""
-- Execute custom install script
-- Up-to-date symlink: /home/elisey/ros2_ws/install/simple_robot_description/share/simple_robot_description/urdf/simple_robot.xacro
CMake Warning (dev) at ament_cmake_symlink_install/ament_cmake_symlink_install.cmake:62 (file):
  Policy CMP0009 is not set: FILE GLOB_RECURSE calls should not follow
  symlinks by default.  Run "cmake --help-policy CMP0009" for policy details.
  Use the cmake_policy command to set the policy and suppress this warning.
Call Stack (most recent call first):
  ament_cmake_symlink_install/ament_cmake_symlink_install.cmake:317 (ament_cmake_symlink_install_directory)
  cmake_install.cmake:41 (include)
This warning is for project developers.  Use -Wno-dev to suppress it.

-- Up-to-date symlink: /home/elisey/ros2_ws/install/simple_robot_description/share/simple_robot_description/launch/build/.built_by
-- Up-to-date symlink: /home/elisey/ros2_ws/install/simple_robot_description/share/simple_robot_description/launch/build/COLCON_IGNORE
-- Up-to-date symlink: /home/elisey/ros2_ws/install/simple_robot_description/share/simple_robot_description/launch/gazebo.launch.py
-- Up-to-date symlink: /home/elisey/ros2_ws/install/simple_robot_description/share/simple_robot_description/launch/install/.colcon_install_layout
-- Up-to-date symlink: /home/elisey/ros2_ws/install/simple_robot_description/share/simple_robot_description/launch/install/COLCON_IGNORE
-- Up-to-date symlink: /home/elisey/ros2_ws/install/simple_robot_description/share/simple_robot_description/launch/install/_local_setup_util_ps1.py
-- Up-to-date symlink: /home/elisey/ros2_ws/install/simple_robot_description/share/simple_robot_description/launch/install/_local_setup_util_sh.py
-- Up-to-date symlink: /home/elisey/ros2_ws/install/simple_robot_description/share/simple_robot_description/launch/install/local_setup.bash
-- Up-to-date symlink: /home/elisey/ros2_ws/install/simple_robot_description/share/simple_robot_description/launch/install/local_setup.ps1
-- Up-to-date symlink: /home/elisey/ros2_ws/install/simple_robot_description/share/simple_robot_description/launch/install/local_setup.sh
-- Up-to-date symlink: /home/elisey/ros2_ws/install/simple_robot_description/share/simple_robot_description/launch/install/local_setup.zsh
-- Up-to-date symlink: /home/elisey/ros2_ws/install/simple_robot_description/share/simple_robot_description/launch/install/setup.bash
-- Up-to-date symlink: /home/elisey/ros2_ws/install/simple_robot_description/share/simple_robot_description/launch/install/setup.ps1
-- Up-to-date symlink: /home/elisey/ros2_ws/install/simple_robot_description/share/simple_robot_description/launch/install/setup.sh
-- Up-to-date symlink: /home/elisey/ros2_ws/install/simple_robot_description/share/simple_robot_description/launch/install/setup.zsh
-- Up-to-date symlink: /home/elisey/ros2_ws/install/simple_robot_description/share/simple_robot_description/launch/l_shape_drive.launch.py
-- Up-to-date symlink: /home/elisey/ros2_ws/install/simple_robot_description/share/simple_robot_description/launch/log/COLCON_IGNORE
-- Up-to-date symlink: /home/elisey/ros2_ws/install/simple_robot_description/share/simple_robot_description/launch/log/build_2025-04-27_22-30-42/events.log
-- Up-to-date symlink: /home/elisey/ros2_ws/install/simple_robot_description/share/simple_robot_description/launch/log/build_2025-04-27_22-30-42/logger_all.log
-- Up-to-date symlink: /home/elisey/ros2_ws/install/simple_robot_description/share/simple_robot_description/launch/log/latest/events.log
-- Up-to-date symlink: /home/elisey/ros2_ws/install/simple_robot_description/share/simple_robot_description/launch/log/latest/logger_all.log
-- Up-to-date symlink: /home/elisey/ros2_ws/install/simple_robot_description/share/simple_robot_description/launch/log/latest_build/events.log
-- Up-to-date symlink: /home/elisey/ros2_ws/install/simple_robot_description/share/simple_robot_description/launch/log/latest_build/logger_all.log
-- Up-to-date symlink: /home/elisey/ros2_ws/install/simple_robot_description/lib/simple_robot_description/l_shape_driver.py
-- Up-to-date symlink: /home/elisey/ros2_ws/install/simple_robot_description/share/simple_robot_description/worlds/room_with_obstacles.world
-- Up-to-date symlink: /home/elisey/ros2_ws/install/simple_robot_description/share/ament_index/resource_index/package_run_dependencies/simple_robot_description
-- Up-to-date symlink: /home/elisey/ros2_ws/install/simple_robot_description/share/ament_index/resource_index/parent_prefix_path/simple_robot_description
-- Up-to-date symlink: /home/elisey/ros2_ws/install/simple_robot_description/share/simple_robot_description/environment/ament_prefix_path.sh
-- Up-to-date symlink: /home/elisey/ros2_ws/install/simple_robot_description/share/simple_robot_description/environment/ament_prefix_path.dsv
-- Up-to-date symlink: /home/elisey/ros2_ws/install/simple_robot_description/share/simple_robot_description/environment/path.sh
-- Up-to-date symlink: /home/elisey/ros2_ws/install/simple_robot_description/share/simple_robot_description/environment/path.dsv
-- Up-to-date symlink: /home/elisey/ros2_ws/install/simple_robot_description/share/simple_robot_description/local_setup.bash
-- Up-to-date symlink: /home/elisey/ros2_ws/install/simple_robot_description/share/simple_robot_description/local_setup.sh
-- Up-to-date symlink: /home/elisey/ros2_ws/install/simple_robot_description/share/simple_robot_description/local_setup.zsh
-- Up-to-date symlink: /home/elisey/ros2_ws/install/simple_robot_description/share/simple_robot_description/local_setup.dsv
-- Symlinking: /home/elisey/ros2_ws/install/simple_robot_description/share/simple_robot_description/package.dsv
-- Up-to-date symlink: /home/elisey/ros2_ws/install/simple_robot_description/share/ament_index/resource_index/packages/simple_robot_description
-- Up-to-date symlink: /home/elisey/ros2_ws/install/simple_robot_description/share/simple_robot_description/cmake/simple_robot_descriptionConfig.cmake
-- Up-to-date symlink: /home/elisey/ros2_ws/install/simple_robot_description/share/simple_robot_description/cmake/simple_robot_descriptionConfig-version.cmake
-- Up-to-date symlink: /home/elisey/ros2_ws/install/simple_robot_description/share/simple_robot_description/package.xml
