[0.012s] Invoking command in '/home/elisey/ros2_ws/build/simple_robot_description': /usr/bin/cmake --build /home/elisey/ros2_ws/build/simple_robot_description -- -j12 -l12
[0.065s] Invoked command in '/home/elisey/ros2_ws/build/simple_robot_description' returned '0': /usr/bin/cmake --build /home/elisey/ros2_ws/build/simple_robot_description -- -j12 -l12
[0.085s] Invoking command in '/home/elisey/ros2_ws/build/simple_robot_description': /usr/bin/cmake --install /home/elisey/ros2_ws/build/simple_robot_description
[0.098s] -- Install configuration: ""
[0.100s] -- Execute custom install script
[0.100s] -- Up-to-date symlink: /home/elisey/ros2_ws/install/simple_robot_description/share/simple_robot_description/urdf/simple_robot.xacro
[0.101s] CMake Warning (dev) at ament_cmake_symlink_install/ament_cmake_symlink_install.cmake:62 (file):
[0.101s]   Policy CMP0009 is not set: FILE GLOB_RECURSE calls should not follow
[0.101s]   symlinks by default.  Run "cmake --help-policy CMP0009" for policy details.
[0.101s]   Use the cmake_policy command to set the policy and suppress this warning.
[0.101s] Call Stack (most recent call first):
[0.101s]   ament_cmake_symlink_install/ament_cmake_symlink_install.cmake:317 (ament_cmake_symlink_install_directory)
[0.101s]   cmake_install.cmake:41 (include)
[0.101s] This warning is for project developers.  Use -Wno-dev to suppress it.
[0.102s] 
[0.102s] -- Up-to-date symlink: /home/elisey/ros2_ws/install/simple_robot_description/share/simple_robot_description/launch/build/.built_by
[0.102s] -- Up-to-date symlink: /home/elisey/ros2_ws/install/simple_robot_description/share/simple_robot_description/launch/build/COLCON_IGNORE
[0.102s] -- Up-to-date symlink: /home/elisey/ros2_ws/install/simple_robot_description/share/simple_robot_description/launch/gazebo.launch.py
[0.102s] -- Up-to-date symlink: /home/elisey/ros2_ws/install/simple_robot_description/share/simple_robot_description/launch/install/.colcon_install_layout
[0.102s] -- Up-to-date symlink: /home/elisey/ros2_ws/install/simple_robot_description/share/simple_robot_description/launch/install/COLCON_IGNORE
[0.102s] -- Up-to-date symlink: /home/elisey/ros2_ws/install/simple_robot_description/share/simple_robot_description/launch/install/_local_setup_util_ps1.py
[0.102s] -- Up-to-date symlink: /home/elisey/ros2_ws/install/simple_robot_description/share/simple_robot_description/launch/install/_local_setup_util_sh.py
[0.102s] -- Up-to-date symlink: /home/elisey/ros2_ws/install/simple_robot_description/share/simple_robot_description/launch/install/local_setup.bash
[0.102s] -- Up-to-date symlink: /home/elisey/ros2_ws/install/simple_robot_description/share/simple_robot_description/launch/install/local_setup.ps1
[0.102s] -- Up-to-date symlink: /home/elisey/ros2_ws/install/simple_robot_description/share/simple_robot_description/launch/install/local_setup.sh
[0.102s] -- Up-to-date symlink: /home/elisey/ros2_ws/install/simple_robot_description/share/simple_robot_description/launch/install/local_setup.zsh
[0.102s] -- Up-to-date symlink: /home/elisey/ros2_ws/install/simple_robot_description/share/simple_robot_description/launch/install/setup.bash
[0.103s] -- Up-to-date symlink: /home/elisey/ros2_ws/install/simple_robot_description/share/simple_robot_description/launch/install/setup.ps1
[0.103s] -- Up-to-date symlink: /home/elisey/ros2_ws/install/simple_robot_description/share/simple_robot_description/launch/install/setup.sh
[0.103s] -- Up-to-date symlink: /home/elisey/ros2_ws/install/simple_robot_description/share/simple_robot_description/launch/install/setup.zsh
[0.103s] -- Up-to-date symlink: /home/elisey/ros2_ws/install/simple_robot_description/share/simple_robot_description/launch/l_shape_drive.launch.py
[0.103s] -- Up-to-date symlink: /home/elisey/ros2_ws/install/simple_robot_description/share/simple_robot_description/launch/log/COLCON_IGNORE
[0.103s] -- Up-to-date symlink: /home/elisey/ros2_ws/install/simple_robot_description/share/simple_robot_description/launch/log/build_2025-04-27_22-30-42/events.log
[0.103s] -- Up-to-date symlink: /home/elisey/ros2_ws/install/simple_robot_description/share/simple_robot_description/launch/log/build_2025-04-27_22-30-42/logger_all.log
[0.103s] -- Up-to-date symlink: /home/elisey/ros2_ws/install/simple_robot_description/share/simple_robot_description/launch/log/latest/events.log
[0.104s] -- Up-to-date symlink: /home/elisey/ros2_ws/install/simple_robot_description/share/simple_robot_description/launch/log/latest/logger_all.log
[0.104s] -- Up-to-date symlink: /home/elisey/ros2_ws/install/simple_robot_description/share/simple_robot_description/launch/log/latest_build/events.log
[0.104s] -- Up-to-date symlink: /home/elisey/ros2_ws/install/simple_robot_description/share/simple_robot_description/launch/log/latest_build/logger_all.log
[0.104s] -- Up-to-date symlink: /home/elisey/ros2_ws/install/simple_robot_description/lib/simple_robot_description/l_shape_driver.py
[0.104s] -- Up-to-date symlink: /home/elisey/ros2_ws/install/simple_robot_description/share/simple_robot_description/worlds/room_with_obstacles.world
[0.105s] -- Up-to-date symlink: /home/elisey/ros2_ws/install/simple_robot_description/share/ament_index/resource_index/package_run_dependencies/simple_robot_description
[0.105s] -- Up-to-date symlink: /home/elisey/ros2_ws/install/simple_robot_description/share/ament_index/resource_index/parent_prefix_path/simple_robot_description
[0.105s] -- Up-to-date symlink: /home/elisey/ros2_ws/install/simple_robot_description/share/simple_robot_description/environment/ament_prefix_path.sh
[0.105s] -- Up-to-date symlink: /home/elisey/ros2_ws/install/simple_robot_description/share/simple_robot_description/environment/ament_prefix_path.dsv
[0.105s] -- Up-to-date symlink: /home/elisey/ros2_ws/install/simple_robot_description/share/simple_robot_description/environment/path.sh
[0.106s] -- Up-to-date symlink: /home/elisey/ros2_ws/install/simple_robot_description/share/simple_robot_description/environment/path.dsv
[0.106s] -- Up-to-date symlink: /home/elisey/ros2_ws/install/simple_robot_description/share/simple_robot_description/local_setup.bash
[0.106s] -- Up-to-date symlink: /home/elisey/ros2_ws/install/simple_robot_description/share/simple_robot_description/local_setup.sh
[0.106s] -- Up-to-date symlink: /home/elisey/ros2_ws/install/simple_robot_description/share/simple_robot_description/local_setup.zsh
[0.106s] -- Up-to-date symlink: /home/elisey/ros2_ws/install/simple_robot_description/share/simple_robot_description/local_setup.dsv
[0.107s] -- Symlinking: /home/elisey/ros2_ws/install/simple_robot_description/share/simple_robot_description/package.dsv
[0.117s] -- Up-to-date symlink: /home/elisey/ros2_ws/install/simple_robot_description/share/ament_index/resource_index/packages/simple_robot_description
[0.118s] -- Up-to-date symlink: /home/elisey/ros2_ws/install/simple_robot_description/share/simple_robot_description/cmake/simple_robot_descriptionConfig.cmake
[0.118s] -- Up-to-date symlink: /home/elisey/ros2_ws/install/simple_robot_description/share/simple_robot_description/cmake/simple_robot_descriptionConfig-version.cmake
[0.118s] -- Up-to-date symlink: /home/elisey/ros2_ws/install/simple_robot_description/share/simple_robot_description/package.xml
[0.121s] Invoked command in '/home/elisey/ros2_ws/build/simple_robot_description' returned '0': /usr/bin/cmake --install /home/elisey/ros2_ws/build/simple_robot_description
