-- Install configuration: ""
-- Up-to-date: /home/elisey/ros2_ws/install/simple_robot_description/share/simple_robot_description/urdf
-- Installing: /home/elisey/ros2_ws/install/simple_robot_description/share/simple_robot_description/urdf/simple_robot.xacro
-- Up-to-date: /home/elisey/ros2_ws/install/simple_robot_description/share/simple_robot_description/launch
-- Installing: /home/elisey/ros2_ws/install/simple_robot_description/share/simple_robot_description/launch/l_shape_drive.launch.py
-- Up-to-date: /home/elisey/ros2_ws/install/simple_robot_description/share/simple_robot_description/launch/gazebo.launch.py
-- Up-to-date: /home/elisey/ros2_ws/install/simple_robot_description/share/simple_robot_description/launch/install
-- Installing: /home/elisey/ros2_ws/install/simple_robot_description/share/simple_robot_description/launch/install/.colcon_install_layout
-- Installing: /home/elisey/ros2_ws/install/simple_robot_description/share/simple_robot_description/launch/install/setup.ps1
-- Installing: /home/elisey/ros2_ws/install/simple_robot_description/share/simple_robot_description/launch/install/_local_setup_util_sh.py
-- Installing: /home/elisey/ros2_ws/install/simple_robot_description/share/simple_robot_description/launch/install/COLCON_IGNORE
-- Installing: /home/elisey/ros2_ws/install/simple_robot_description/share/simple_robot_description/launch/install/local_setup.bash
-- Installing: /home/elisey/ros2_ws/install/simple_robot_description/share/simple_robot_description/launch/install/setup.zsh
-- Installing: /home/elisey/ros2_ws/install/simple_robot_description/share/simple_robot_description/launch/install/_local_setup_util_ps1.py
-- Installing: /home/elisey/ros2_ws/install/simple_robot_description/share/simple_robot_description/launch/install/setup.bash
-- Installing: /home/elisey/ros2_ws/install/simple_robot_description/share/simple_robot_description/launch/install/local_setup.ps1
-- Installing: /home/elisey/ros2_ws/install/simple_robot_description/share/simple_robot_description/launch/install/setup.sh
-- Installing: /home/elisey/ros2_ws/install/simple_robot_description/share/simple_robot_description/launch/install/local_setup.zsh
-- Installing: /home/elisey/ros2_ws/install/simple_robot_description/share/simple_robot_description/launch/install/local_setup.sh
-- Up-to-date: /home/elisey/ros2_ws/install/simple_robot_description/share/simple_robot_description/launch/build
-- Installing: /home/elisey/ros2_ws/install/simple_robot_description/share/simple_robot_description/launch/build/COLCON_IGNORE
-- Installing: /home/elisey/ros2_ws/install/simple_robot_description/share/simple_robot_description/launch/build/.built_by
-- Up-to-date: /home/elisey/ros2_ws/install/simple_robot_description/share/simple_robot_description/launch/log
-- Up-to-date: /home/elisey/ros2_ws/install/simple_robot_description/share/simple_robot_description/launch/log/latest_build
-- Installing: /home/elisey/ros2_ws/install/simple_robot_description/share/simple_robot_description/launch/log/COLCON_IGNORE
-- Up-to-date: /home/elisey/ros2_ws/install/simple_robot_description/share/simple_robot_description/launch/log/latest
-- Up-to-date: /home/elisey/ros2_ws/install/simple_robot_description/share/simple_robot_description/launch/log/build_2025-04-27_22-30-42
-- Installing: /home/elisey/ros2_ws/install/simple_robot_description/share/simple_robot_description/launch/log/build_2025-04-27_22-30-42/logger_all.log
-- Installing: /home/elisey/ros2_ws/install/simple_robot_description/share/simple_robot_description/launch/log/build_2025-04-27_22-30-42/events.log
-- Installing: /home/elisey/ros2_ws/install/simple_robot_description/lib/simple_robot_description/l_shape_driver.py
-- Up-to-date: /home/elisey/ros2_ws/install/simple_robot_description/share/simple_robot_description/worlds
-- Installing: /home/elisey/ros2_ws/install/simple_robot_description/share/simple_robot_description/worlds/room_with_obstacles.world
-- Installing: /home/elisey/ros2_ws/install/simple_robot_description/share/ament_index/resource_index/package_run_dependencies/simple_robot_description
-- Installing: /home/elisey/ros2_ws/install/simple_robot_description/share/ament_index/resource_index/parent_prefix_path/simple_robot_description
-- Installing: /home/elisey/ros2_ws/install/simple_robot_description/share/simple_robot_description/environment/ament_prefix_path.sh
-- Installing: /home/elisey/ros2_ws/install/simple_robot_description/share/simple_robot_description/environment/ament_prefix_path.dsv
-- Installing: /home/elisey/ros2_ws/install/simple_robot_description/share/simple_robot_description/environment/path.sh
-- Installing: /home/elisey/ros2_ws/install/simple_robot_description/share/simple_robot_description/environment/path.dsv
-- Installing: /home/elisey/ros2_ws/install/simple_robot_description/share/simple_robot_description/local_setup.bash
-- Installing: /home/elisey/ros2_ws/install/simple_robot_description/share/simple_robot_description/local_setup.sh
-- Installing: /home/elisey/ros2_ws/install/simple_robot_description/share/simple_robot_description/local_setup.zsh
-- Installing: /home/elisey/ros2_ws/install/simple_robot_description/share/simple_robot_description/local_setup.dsv
-- Installing: /home/elisey/ros2_ws/install/simple_robot_description/share/simple_robot_description/package.dsv
-- Installing: /home/elisey/ros2_ws/install/simple_robot_description/share/ament_index/resource_index/packages/simple_robot_description
-- Installing: /home/elisey/ros2_ws/install/simple_robot_description/share/simple_robot_description/cmake/simple_robot_descriptionConfig.cmake
-- Installing: /home/elisey/ros2_ws/install/simple_robot_description/share/simple_robot_description/cmake/simple_robot_descriptionConfig-version.cmake
-- Installing: /home/elisey/ros2_ws/install/simple_robot_description/share/simple_robot_description/package.xml
