[0.011s] Invoking command in '/home/elisey/ros2_ws/build/simple_robot_description': /usr/bin/cmake /home/elisey/ros2_ws/src/simple_robot_description -DCMAKE_INSTALL_PREFIX=/home/elisey/ros2_ws/install/simple_robot_description
[0.077s] -- The C compiler identification is GNU 9.4.0
[0.134s] -- The CXX compiler identification is GNU 9.4.0
[0.144s] -- Check for working C compiler: /usr/bin/cc
[0.250s] -- Check for working C compiler: /usr/bin/cc -- works
[0.250s] -- Detecting C compiler ABI info
[0.340s] -- Detecting C compiler ABI info - done
[0.356s] -- Detecting C compile features
[0.357s] -- Detecting C compile features - done
[0.358s] -- Check for working CXX compiler: /usr/bin/c++
[0.443s] -- Check for working CXX compiler: /usr/bin/c++ -- works
[0.446s] -- Detecting CXX compiler ABI info
[0.556s] -- Detecting CXX compiler ABI info - done
[0.569s] -- Detecting CXX compile features
[0.569s] -- Detecting CXX compile features - done
[0.571s] -- Found ament_cmake: 1.1.6 (/opt/ros/galactic/share/ament_cmake/cmake)
[0.596s] -- Found PythonInterp: /usr/bin/python3 (found suitable version "3.8.10", minimum required is "3") 
[0.596s] -- Using PYTHON_EXECUTABLE: /usr/bin/python3
[0.671s] -- Found xacro: 2.0.7 (/opt/ros/galactic/share/xacro/cmake)
[0.672s] -- Found rclpy: 1.9.3 (/opt/ros/galactic/share/rclpy/cmake)
[0.673s] -- Found geometry_msgs: 2.2.4 (/opt/ros/galactic/share/geometry_msgs/cmake)
[0.700s] -- Using all available rosidl_typesupport_c: rosidl_typesupport_fastrtps_c;rosidl_typesupport_introspection_c
[0.706s] -- Found rosidl_adapter: 2.2.3 (/opt/ros/galactic/share/rosidl_adapter/cmake)
[0.796s] -- Found OpenSSL: /usr/lib/x86_64-linux-gnu/libcrypto.so (found version "1.1.1f")  
[0.824s] -- Found FastRTPS: /opt/ros/galactic/include  
[0.895s] -- Using all available rosidl_typesupport_cpp: rosidl_typesupport_fastrtps_cpp;rosidl_typesupport_introspection_cpp
[1.030s] -- Configuring done
[1.032s] -- Generating done
[1.033s] -- Build files have been written to: /home/elisey/ros2_ws/build/simple_robot_description
[1.040s] Invoked command in '/home/elisey/ros2_ws/build/simple_robot_description' returned '0': /usr/bin/cmake /home/elisey/ros2_ws/src/simple_robot_description -DCMAKE_INSTALL_PREFIX=/home/elisey/ros2_ws/install/simple_robot_description
[1.042s] Invoking command in '/home/elisey/ros2_ws/build/simple_robot_description': /usr/bin/cmake --build /home/elisey/ros2_ws/build/simple_robot_description -- -j12 -l12
[1.088s] Invoked command in '/home/elisey/ros2_ws/build/simple_robot_description' returned '0': /usr/bin/cmake --build /home/elisey/ros2_ws/build/simple_robot_description -- -j12 -l12
[1.105s] Invoking command in '/home/elisey/ros2_ws/build/simple_robot_description': /usr/bin/cmake --install /home/elisey/ros2_ws/build/simple_robot_description
[1.112s] -- Install configuration: ""
[1.112s] -- Installing: /home/elisey/ros2_ws/install/simple_robot_description/share/simple_robot_description/urdf
[1.112s] -- Installing: /home/elisey/ros2_ws/install/simple_robot_description/share/simple_robot_description/urdf/simple_robot.xacro
[1.112s] -- Installing: /home/elisey/ros2_ws/install/simple_robot_description/share/simple_robot_description/launch
[1.112s] -- Installing: /home/elisey/ros2_ws/install/simple_robot_description/share/simple_robot_description/launch/l_shape_drive.launch.py
[1.112s] -- Installing: /home/elisey/ros2_ws/install/simple_robot_description/share/simple_robot_description/launch/gazebo.launch.py
[1.112s] -- Installing: /home/elisey/ros2_ws/install/simple_robot_description/share/simple_robot_description/launch/install
[1.112s] -- Installing: /home/elisey/ros2_ws/install/simple_robot_description/share/simple_robot_description/launch/install/.colcon_install_layout
[1.112s] -- Installing: /home/elisey/ros2_ws/install/simple_robot_description/share/simple_robot_description/launch/install/setup.ps1
[1.112s] -- Installing: /home/elisey/ros2_ws/install/simple_robot_description/share/simple_robot_description/launch/install/_local_setup_util_sh.py
[1.113s] -- Installing: /home/elisey/ros2_ws/install/simple_robot_description/share/simple_robot_description/launch/install/COLCON_IGNORE
[1.113s] -- Installing: /home/elisey/ros2_ws/install/simple_robot_description/share/simple_robot_description/launch/install/local_setup.bash
[1.113s] -- Installing: /home/elisey/ros2_ws/install/simple_robot_description/share/simple_robot_description/launch/install/setup.zsh
[1.113s] -- Installing: /home/elisey/ros2_ws/install/simple_robot_description/share/simple_robot_description/launch/install/_local_setup_util_ps1.py
[1.113s] -- Installing: /home/elisey/ros2_ws/install/simple_robot_description/share/simple_robot_description/launch/install/setup.bash
[1.113s] -- Installing: /home/elisey/ros2_ws/install/simple_robot_description/share/simple_robot_description/launch/install/local_setup.ps1
[1.113s] -- Installing: /home/elisey/ros2_ws/install/simple_robot_description/share/simple_robot_description/launch/install/setup.sh
[1.113s] -- Installing: /home/elisey/ros2_ws/install/simple_robot_description/share/simple_robot_description/launch/install/local_setup.zsh
[1.113s] -- Installing: /home/elisey/ros2_ws/install/simple_robot_description/share/simple_robot_description/launch/install/local_setup.sh
[1.113s] -- Installing: /home/elisey/ros2_ws/install/simple_robot_description/share/simple_robot_description/launch/build
[1.114s] -- Installing: /home/elisey/ros2_ws/install/simple_robot_description/share/simple_robot_description/launch/build/COLCON_IGNORE
[1.114s] -- Installing: /home/elisey/ros2_ws/install/simple_robot_description/share/simple_robot_description/launch/build/.built_by
[1.114s] -- Installing: /home/elisey/ros2_ws/install/simple_robot_description/share/simple_robot_description/launch/log
[1.114s] -- Installing: /home/elisey/ros2_ws/install/simple_robot_description/share/simple_robot_description/launch/log/latest_build
[1.114s] -- Installing: /home/elisey/ros2_ws/install/simple_robot_description/share/simple_robot_description/launch/log/COLCON_IGNORE
[1.114s] -- Installing: /home/elisey/ros2_ws/install/simple_robot_description/share/simple_robot_description/launch/log/latest
[1.114s] -- Installing: /home/elisey/ros2_ws/install/simple_robot_description/share/simple_robot_description/launch/log/build_2025-04-27_22-30-42
[1.114s] -- Installing: /home/elisey/ros2_ws/install/simple_robot_description/share/simple_robot_description/launch/log/build_2025-04-27_22-30-42/logger_all.log
[1.114s] -- Installing: /home/elisey/ros2_ws/install/simple_robot_description/share/simple_robot_description/launch/log/build_2025-04-27_22-30-42/events.log
[1.114s] -- Installing: /home/elisey/ros2_ws/install/simple_robot_description/lib/simple_robot_description/l_shape_driver.py
[1.114s] -- Installing: /home/elisey/ros2_ws/install/simple_robot_description/share/simple_robot_description/worlds
[1.115s] -- Installing: /home/elisey/ros2_ws/install/simple_robot_description/share/simple_robot_description/worlds/room_with_obstacles.world
[1.115s] -- Installing: /home/elisey/ros2_ws/install/simple_robot_description/share/ament_index/resource_index/package_run_dependencies/simple_robot_description
[1.116s] -- Installing: /home/elisey/ros2_ws/install/simple_robot_description/share/ament_index/resource_index/parent_prefix_path/simple_robot_description
[1.117s] -- Installing: /home/elisey/ros2_ws/install/simple_robot_description/share/simple_robot_description/environment/ament_prefix_path.sh
[1.117s] -- Installing: /home/elisey/ros2_ws/install/simple_robot_description/share/simple_robot_description/environment/ament_prefix_path.dsv
[1.117s] -- Installing: /home/elisey/ros2_ws/install/simple_robot_description/share/simple_robot_description/environment/path.sh
[1.117s] -- Installing: /home/elisey/ros2_ws/install/simple_robot_description/share/simple_robot_description/environment/path.dsv
[1.117s] -- Installing: /home/elisey/ros2_ws/install/simple_robot_description/share/simple_robot_description/local_setup.bash
[1.117s] -- Installing: /home/elisey/ros2_ws/install/simple_robot_description/share/simple_robot_description/local_setup.sh
[1.118s] -- Installing: /home/elisey/ros2_ws/install/simple_robot_description/share/simple_robot_description/local_setup.zsh
[1.118s] -- Installing: /home/elisey/ros2_ws/install/simple_robot_description/share/simple_robot_description/local_setup.dsv
[1.118s] -- Installing: /home/elisey/ros2_ws/install/simple_robot_description/share/simple_robot_description/package.dsv
[1.118s] -- Installing: /home/elisey/ros2_ws/install/simple_robot_description/share/ament_index/resource_index/packages/simple_robot_description
[1.118s] -- Installing: /home/elisey/ros2_ws/install/simple_robot_description/share/simple_robot_description/cmake/simple_robot_descriptionConfig.cmake
[1.118s] -- Installing: /home/elisey/ros2_ws/install/simple_robot_description/share/simple_robot_description/cmake/simple_robot_descriptionConfig-version.cmake
[1.118s] -- Installing: /home/elisey/ros2_ws/install/simple_robot_description/share/simple_robot_description/package.xml
[1.120s] Invoked command in '/home/elisey/ros2_ws/build/simple_robot_description' returned '0': /usr/bin/cmake --install /home/elisey/ros2_ws/build/simple_robot_description
