[0.019s] Invoking command in '/home/elisey/ros2_ws/build/simple_robot_description': /usr/bin/cmake --build /home/elisey/ros2_ws/build/simple_robot_description -- -j12 -l12
[0.074s] Invoked command in '/home/elisey/ros2_ws/build/simple_robot_description' returned '0': /usr/bin/cmake --build /home/elisey/ros2_ws/build/simple_robot_description -- -j12 -l12
[0.095s] Invoking command in '/home/elisey/ros2_ws/build/simple_robot_description': /usr/bin/cmake --install /home/elisey/ros2_ws/build/simple_robot_description
[0.101s] -- Install configuration: ""
[0.102s] -- Up-to-date: /home/elisey/ros2_ws/install/simple_robot_description/share/simple_robot_description/urdf
[0.102s] -- Up-to-date: /home/elisey/ros2_ws/install/simple_robot_description/share/simple_robot_description/urdf/simple_robot.xacro
[0.102s] -- Up-to-date: /home/elisey/ros2_ws/install/simple_robot_description/share/simple_robot_description/launch
[0.102s] -- Up-to-date: /home/elisey/ros2_ws/install/simple_robot_description/share/simple_robot_description/launch/l_shape_drive.launch.py
[0.102s] -- Up-to-date: /home/elisey/ros2_ws/install/simple_robot_description/share/simple_robot_description/launch/rtab_map_mono.launch.py
[0.102s] -- Up-to-date: /home/elisey/ros2_ws/install/simple_robot_description/share/simple_robot_description/launch/gazebo.launch.py
[0.102s] -- Up-to-date: /home/elisey/ros2_ws/install/simple_robot_description/share/simple_robot_description/launch/install
[0.102s] -- Up-to-date: /home/elisey/ros2_ws/install/simple_robot_description/share/simple_robot_description/launch/install/.colcon_install_layout
[0.102s] -- Up-to-date: /home/elisey/ros2_ws/install/simple_robot_description/share/simple_robot_description/launch/install/setup.ps1
[0.102s] -- Up-to-date: /home/elisey/ros2_ws/install/simple_robot_description/share/simple_robot_description/launch/install/_local_setup_util_sh.py
[0.102s] -- Up-to-date: /home/elisey/ros2_ws/install/simple_robot_description/share/simple_robot_description/launch/install/COLCON_IGNORE
[0.102s] -- Up-to-date: /home/elisey/ros2_ws/install/simple_robot_description/share/simple_robot_description/launch/install/local_setup.bash
[0.103s] -- Up-to-date: /home/elisey/ros2_ws/install/simple_robot_description/share/simple_robot_description/launch/install/setup.zsh
[0.103s] -- Up-to-date: /home/elisey/ros2_ws/install/simple_robot_description/share/simple_robot_description/launch/install/_local_setup_util_ps1.py
[0.103s] -- Up-to-date: /home/elisey/ros2_ws/install/simple_robot_description/share/simple_robot_description/launch/install/setup.bash
[0.103s] -- Up-to-date: /home/elisey/ros2_ws/install/simple_robot_description/share/simple_robot_description/launch/install/local_setup.ps1
[0.103s] -- Up-to-date: /home/elisey/ros2_ws/install/simple_robot_description/share/simple_robot_description/launch/install/setup.sh
[0.103s] -- Up-to-date: /home/elisey/ros2_ws/install/simple_robot_description/share/simple_robot_description/launch/install/local_setup.zsh
[0.103s] -- Up-to-date: /home/elisey/ros2_ws/install/simple_robot_description/share/simple_robot_description/launch/install/local_setup.sh
[0.103s] -- Up-to-date: /home/elisey/ros2_ws/install/simple_robot_description/share/simple_robot_description/launch/build
[0.103s] -- Up-to-date: /home/elisey/ros2_ws/install/simple_robot_description/share/simple_robot_description/launch/build/COLCON_IGNORE
[0.103s] -- Up-to-date: /home/elisey/ros2_ws/install/simple_robot_description/share/simple_robot_description/launch/build/.built_by
[0.103s] -- Up-to-date: /home/elisey/ros2_ws/install/simple_robot_description/share/simple_robot_description/launch/log
[0.103s] -- Up-to-date: /home/elisey/ros2_ws/install/simple_robot_description/share/simple_robot_description/launch/log/latest_build
[0.104s] -- Up-to-date: /home/elisey/ros2_ws/install/simple_robot_description/share/simple_robot_description/launch/log/COLCON_IGNORE
[0.104s] -- Up-to-date: /home/elisey/ros2_ws/install/simple_robot_description/share/simple_robot_description/launch/log/latest
[0.104s] -- Up-to-date: /home/elisey/ros2_ws/install/simple_robot_description/share/simple_robot_description/launch/log/build_2025-04-27_22-30-42
[0.104s] -- Up-to-date: /home/elisey/ros2_ws/install/simple_robot_description/share/simple_robot_description/launch/log/build_2025-04-27_22-30-42/logger_all.log
[0.104s] -- Up-to-date: /home/elisey/ros2_ws/install/simple_robot_description/share/simple_robot_description/launch/log/build_2025-04-27_22-30-42/events.log
[0.104s] -- Up-to-date: /home/elisey/ros2_ws/install/simple_robot_description/lib/simple_robot_description/l_shape_driver.py
[0.104s] -- Up-to-date: /home/elisey/ros2_ws/install/simple_robot_description/share/simple_robot_description/worlds
[0.104s] -- Installing: /home/elisey/ros2_ws/install/simple_robot_description/share/simple_robot_description/worlds/room_with_obstacles.world
[0.104s] -- Up-to-date: /home/elisey/ros2_ws/install/simple_robot_description/lib/simple_robot_description/tf_broadcaster.py
[0.104s] -- Up-to-date: /home/elisey/ros2_ws/install/simple_robot_description/lib/simple_robot_description/odom_tf_broadcaster.py
[0.104s] -- Up-to-date: /home/elisey/ros2_ws/install/simple_robot_description/share/ament_index/resource_index/package_run_dependencies/simple_robot_description
[0.104s] -- Up-to-date: /home/elisey/ros2_ws/install/simple_robot_description/share/ament_index/resource_index/parent_prefix_path/simple_robot_description
[0.104s] -- Up-to-date: /home/elisey/ros2_ws/install/simple_robot_description/share/simple_robot_description/environment/ament_prefix_path.sh
[0.104s] -- Up-to-date: /home/elisey/ros2_ws/install/simple_robot_description/share/simple_robot_description/environment/ament_prefix_path.dsv
[0.105s] -- Up-to-date: /home/elisey/ros2_ws/install/simple_robot_description/share/simple_robot_description/environment/path.sh
[0.105s] -- Up-to-date: /home/elisey/ros2_ws/install/simple_robot_description/share/simple_robot_description/environment/path.dsv
[0.105s] -- Up-to-date: /home/elisey/ros2_ws/install/simple_robot_description/share/simple_robot_description/local_setup.bash
[0.105s] -- Up-to-date: /home/elisey/ros2_ws/install/simple_robot_description/share/simple_robot_description/local_setup.sh
[0.105s] -- Up-to-date: /home/elisey/ros2_ws/install/simple_robot_description/share/simple_robot_description/local_setup.zsh
[0.105s] -- Up-to-date: /home/elisey/ros2_ws/install/simple_robot_description/share/simple_robot_description/local_setup.dsv
[0.105s] -- Installing: /home/elisey/ros2_ws/install/simple_robot_description/share/simple_robot_description/package.dsv
[0.105s] -- Up-to-date: /home/elisey/ros2_ws/install/simple_robot_description/share/ament_index/resource_index/packages/simple_robot_description
[0.105s] -- Up-to-date: /home/elisey/ros2_ws/install/simple_robot_description/share/simple_robot_description/cmake/simple_robot_descriptionConfig.cmake
[0.105s] -- Up-to-date: /home/elisey/ros2_ws/install/simple_robot_description/share/simple_robot_description/cmake/simple_robot_descriptionConfig-version.cmake
[0.105s] -- Up-to-date: /home/elisey/ros2_ws/install/simple_robot_description/share/simple_robot_description/package.xml
[0.106s] Invoked command in '/home/elisey/ros2_ws/build/simple_robot_description' returned '0': /usr/bin/cmake --install /home/elisey/ros2_ws/build/simple_robot_description
